[    0.000000] Initializing cgroup subsys cpuset
[    0.000000] Initializing cgroup subsys cpu
[    0.000000] Initializing cgroup subsys cpuacct
[    0.000000] Linux version 4.4.0-210-generic (buildd@lgw01-amd64-009) (gcc version 5.4.0 20160609 (Ubuntu 5.4.0-6ubuntu1~16.04.12) ) #242-Ubuntu SMP Fri Apr 16 09:57:56 UTC 2021 (Ubuntu 4.4.0-210.242-generic 4.4.262)
[    0.000000] Command line: BOOT_IMAGE=/boot/vmlinuz-4.4.0-210-generic root=LABEL=cloudimg-rootfs ro console=tty1 console=ttyS0
[    0.000000] KERNEL supported cpus:
[    0.000000]   Intel GenuineIntel
[    0.000000]   AMD AuthenticAMD
[    0.000000]   Centaur CentaurHauls
[    0.000000] x86/fpu: xstate_offset[2]:  576, xstate_sizes[2]:  256
[    0.000000] x86/fpu: Supporting XSAVE feature 0x01: 'x87 floating point registers'
[    0.000000] x86/fpu: Supporting XSAVE feature 0x02: 'SSE registers'
[    0.000000] x86/fpu: Supporting XSAVE feature 0x04: 'AVX registers'
[    0.000000] x86/fpu: Enabled xstate features 0x7, context size is 832 bytes, using 'standard' format.
[    0.000000] e820: BIOS-provided physical RAM map:
[    0.000000] BIOS-e820: [mem 0x0000000000000000-0x000000000009fbff] usable
[    0.000000] BIOS-e820: [mem 0x000000000009fc00-0x000000000009ffff] reserved
[    0.000000] BIOS-e820: [mem 0x00000000000f0000-0x00000000000fffff] reserved
[    0.000000] BIOS-e820: [mem 0x0000000000100000-0x000000003ffeffff] usable
[    0.000000] BIOS-e820: [mem 0x000000003fff0000-0x000000003fffffff] ACPI data
[    0.000000] BIOS-e820: [mem 0x00000000fec00000-0x00000000fec00fff] reserved
[    0.000000] BIOS-e820: [mem 0x00000000fee00000-0x00000000fee00fff] reserved
[    0.000000] BIOS-e820: [mem 0x00000000fffc0000-0x00000000ffffffff] reserved
[    0.000000] NX (Execute Disable) protection: active
[    0.000000] SMBIOS 2.5 present.
[    0.000000] Hypervisor detected: KVM
[    0.000000] Kernel/User page tables isolation: disabled
[    0.000000] e820: last_pfn = 0x3fff0 max_arch_pfn = 0x400000000
[    0.000000] MTRR: Disabled
[    0.000000] x86/PAT: MTRRs disabled, skipping PAT initialization too.
[    0.000000] CPU MTRRs all blank - virtualized system.
[    0.000000] x86/PAT: Configuration [0-7]: WB  WT  UC- UC  WB  WT  UC- UC  
[    0.000000] found SMP MP-table at [mem 0x0009fff0-0x0009ffff] mapped at [ffff88000009fff0]
[    0.000000] Scanning 1 areas for low memory corruption
[    0.000000] RAMDISK: [mem 0x362dc000-0x37165fff]
[    0.000000] ACPI: Early table checksum verification disabled
[    0.000000] ACPI: RSDP 0x00000000000E0000 000024 (v02 VBOX  )
[    0.000000] ACPI: XSDT 0x000000003FFF0030 00003C (v01 VBOX   VBOXXSDT 00000001 ASL  00000061)
[    0.000000] ACPI: FACP 0x000000003FFF00F0 0000F4 (v04 VBOX   VBOXFACP 00000001 ASL  00000061)
[    0.000000] ACPI: DSDT 0x000000003FFF0470 002325 (v02 VBOX   VBOXBIOS 00000002 INTL 20100528)
[    0.000000] ACPI: FACS 0x000000003FFF0200 000040
[    0.000000] ACPI: FACS 0x000000003FFF0200 000040
[    0.000000] ACPI: APIC 0x000000003FFF0240 00005C (v02 VBOX   VBOXAPIC 00000001 ASL  00000061)
[    0.000000] ACPI: SSDT 0x000000003FFF02A0 0001CC (v01 VBOX   VBOXCPUT 00000002 INTL 20100528)
[    0.000000] No NUMA configuration found
[    0.000000] Faking a node at [mem 0x0000000000000000-0x000000003ffeffff]
[    0.000000] NODE_DATA(0) allocated [mem 0x3ffeb000-0x3ffeffff]
[    0.000000] kvm-clock: Using msrs 4b564d01 and 4b564d00
[    0.000000] kvm-clock: cpu 0, msr 0:3ffe3001, primary cpu clock
[    0.000000] kvm-clock: using sched offset of 3183828260 cycles
[    0.000000] clocksource: kvm-clock: mask: 0xffffffffffffffff max_cycles: 0x1cd42e4dffb, max_idle_ns: 881590591483 ns
[    0.000000] Zone ranges:
[    0.000000]   DMA      [mem 0x0000000000001000-0x0000000000ffffff]
[    0.000000]   DMA32    [mem 0x0000000001000000-0x000000003ffeffff]
[    0.000000]   Normal   empty
[    0.000000]   Device   empty
[    0.000000] Movable zone start for each node
[    0.000000] Early memory node ranges
[    0.000000]   node   0: [mem 0x0000000000001000-0x000000000009efff]
[    0.000000]   node   0: [mem 0x0000000000100000-0x000000003ffeffff]
[    0.000000] Initmem setup node 0 [mem 0x0000000000001000-0x000000003ffeffff]
[    0.000000] ACPI: PM-Timer IO Port: 0x4008
[    0.000000] IOAPIC[0]: apic_id 2, version 32, address 0xfec00000, GSI 0-23
[    0.000000] ACPI: INT_SRC_OVR (bus 0 bus_irq 0 global_irq 2 dfl dfl)
[    0.000000] ACPI: INT_SRC_OVR (bus 0 bus_irq 9 global_irq 9 low level)
[    0.000000] Using ACPI (MADT) for SMP configuration information
[    0.000000] smpboot: Allowing 2 CPUs, 0 hotplug CPUs
[    0.000000] PM: Registered nosave memory: [mem 0x00000000-0x00000fff]
[    0.000000] PM: Registered nosave memory: [mem 0x0009f000-0x0009ffff]
[    0.000000] PM: Registered nosave memory: [mem 0x000a0000-0x000effff]
[    0.000000] PM: Registered nosave memory: [mem 0x000f0000-0x000fffff]
[    0.000000] e820: [mem 0x40000000-0xfebfffff] available for PCI devices
[    0.000000] Booting paravirtualized kernel on KVM
[    0.000000] clocksource: refined-jiffies: mask: 0xffffffff max_cycles: 0xffffffff, max_idle_ns: 7645519600211568 ns
[    0.000000] setup_percpu: NR_CPUS:512 nr_cpumask_bits:512 nr_cpu_ids:2 nr_node_ids:1
[    0.000000] PERCPU: Embedded 33 pages/cpu @ffff88003fc00000 s95192 r8192 d31784 u1048576
[    0.000000] Built 1 zonelists in Node order, mobility grouping on.  Total pages: 257912
[    0.000000] Policy zone: DMA32
[    0.000000] Kernel command line: BOOT_IMAGE=/boot/vmlinuz-4.4.0-210-generic root=LABEL=cloudimg-rootfs ro console=tty1 console=ttyS0
[    0.000000] PID hash table entries: 4096 (order: 3, 32768 bytes)
[    0.000000] Memory: 997792K/1048120K available (8644K kernel code, 1332K rwdata, 4044K rodata, 1492K init, 1164K bss, 50328K reserved, 0K cma-reserved)
[    0.000000] SLUB: HWalign=64, Order=0-3, MinObjects=0, CPUs=2, Nodes=1
[    0.000000] Hierarchical RCU implementation.
[    0.000000] 	Build-time adjustment of leaf fanout to 64.
[    0.000000] 	RCU restricting CPUs from NR_CPUS=512 to nr_cpu_ids=2.
[    0.000000] RCU: Adjusting geometry for rcu_fanout_leaf=64, nr_cpu_ids=2
[    0.000000] NR_IRQS:33024 nr_irqs:440 16
[    0.000000] Console: colour VGA+ 80x25
[    0.000000] console [tty1] enabled
[    0.000000] console [ttyS0] enabled
[    0.000000] tsc: Detected 2496.000 MHz processor
[    0.116366] Calibrating delay loop (skipped) preset value.. 4992.00 BogoMIPS (lpj=9984000)
[    0.117731] pid_max: default: 32768 minimum: 301
[    0.118491] ACPI: Core revision 20150930
[    0.119806] ACPI: 2 ACPI AML tables successfully acquired and loaded
[    0.120875] Security Framework initialized
[    0.121562] Yama: becoming mindful.
[    0.122178] AppArmor: AppArmor initialized
[    0.122946] Dentry cache hash table entries: 131072 (order: 8, 1048576 bytes)
[    0.124245] Inode-cache hash table entries: 65536 (order: 7, 524288 bytes)
[    0.127560] Mount-cache hash table entries: 2048 (order: 2, 16384 bytes)
[    0.128580] Mountpoint-cache hash table entries: 2048 (order: 2, 16384 bytes)
[    0.129767] Initializing cgroup subsys io
[    0.130449] Initializing cgroup subsys memory
[    0.131157] Initializing cgroup subsys devices
[    0.131909] Initializing cgroup subsys freezer
[    0.132622] Initializing cgroup subsys net_cls
[    0.133339] Initializing cgroup subsys perf_event
[    0.134082] Initializing cgroup subsys net_prio
[    0.134803] Initializing cgroup subsys hugetlb
[    0.135515] Initializing cgroup subsys pids
[    0.137240] mce: CPU supports 0 MCE banks
[    0.137930] Last level iTLB entries: 4KB 64, 2MB 8, 4MB 8
[    0.138750] Last level dTLB entries: 4KB 64, 2MB 0, 4MB 0, 1GB 4
[    0.139640] Spectre V1 : Mitigation: usercopy/swapgs barriers and __user pointer sanitization
[    0.141142] Spectre V2 : Mitigation: Full generic retpoline
[    0.141982] Spectre V2 : Spectre v2 / SpectreRSB mitigation: Filling RSB on context switch
[    0.143390] Speculative Store Bypass: Vulnerable
[    0.146368] Freeing SMP alternatives memory: 36K
[    0.152080] ftrace: allocating 32380 entries in 127 pages
[    0.202243] smpboot: APIC(0) Converting physical 0 to logical package 0
[    0.203372] smpboot: Max logical packages: 1
[    0.204235] x2apic enabled
[    0.204969] Switched APIC routing to physical x2apic.
[    0.206740] ..TIMER: vector=0x30 apic1=0 pin1=2 apic2=-1 pin2=-1
[    0.315751] smpboot: CPU0: Intel(R) Core(TM) i5-10300H CPU @ 2.50GHz (family: 0x6, model: 0xa5, stepping: 0x2)
[    0.317709] Performance Events: unsupported p6 CPU model 165 no PMU driver, software events only.
[    0.326996] KVM setup paravirtual spinlock
[    0.328240] x86: Booting SMP configuration:
[    0.329003] .... node  #0, CPUs:      #1
[    0.329800] kvm-clock: cpu 1, msr 0:3ffe3041, secondary cpu clock
[    0.331690] mce: CPU supports 0 MCE banks
[    0.334120] x86: Booted up 1 node, 2 CPUs
[    0.334944] smpboot: Total of 2 processors activated (9984.00 BogoMIPS)
[    0.336182] devtmpfs: initialized
[    0.338193] evm: security.selinux
[    0.338781] evm: security.SMACK64
[    0.339360] evm: security.SMACK64EXEC
[    0.340004] evm: security.SMACK64TRANSMUTE
[    0.340672] evm: security.SMACK64MMAP
[    0.341286] evm: security.ima
[    0.341831] evm: security.capability
[    0.342731] clocksource: jiffies: mask: 0xffffffff max_cycles: 0xffffffff, max_idle_ns: 7645041785100000 ns
[    0.344393] futex hash table entries: 512 (order: 3, 32768 bytes)
[    0.345399] pinctrl core: initialized pinctrl subsystem
[    0.346285] RTC time: 15:21:39, date: 12/10/21
[    0.349222] NET: Registered protocol family 16
[    0.360235] cpuidle: using governor ladder
[    0.372003] cpuidle: using governor menu
[    0.372676] PCCT header not found.
[    0.373329] ACPI: bus type PCI registered
[    0.373998] acpiphp: ACPI Hot Plug PCI Controller Driver version: 0.5
[    0.375034] PCI: Using configuration type 1 for base access
[    0.388125] ACPI: Added _OSI(Module Device)
[    0.388834] ACPI: Added _OSI(Processor Device)
[    0.389542] ACPI: Added _OSI(3.0 _SCP Extensions)
[    0.390327] ACPI: Added _OSI(Processor Aggregator Device)
[    0.391677] ACPI: Executed 1 blocks of module-level executable AML code
[    0.394426] ACPI: Interpreter enabled
[    0.395110] ACPI: (supports S0 S5)
[    0.395710] ACPI: Using IOAPIC for interrupt routing
[    0.396611] PCI: Using host bridge windows from ACPI; if necessary, use "pci=nocrs" and report a bug
[    0.400724] ACPI: PCI Root Bridge [PCI0] (domain 0000 [bus 00-ff])
[    0.401650] acpi PNP0A03:00: _OSC: OS supports [ASPM ClockPM Segments MSI]
[    0.402879] acpi PNP0A03:00: _OSC: not requesting OS control; OS requires [ExtendedConfig ASPM ClockPM MSI]
[    0.404395] acpi PNP0A03:00: fail to add MMCONFIG information, can't access extended PCI configuration space under this bridge.
[    0.406323] PCI host bridge to bus 0000:00
[    0.406993] pci_bus 0000:00: root bus resource [io  0x0000-0x0cf7 window]
[    0.407992] pci_bus 0000:00: root bus resource [io  0x0d00-0xffff window]
[    0.409065] pci_bus 0000:00: root bus resource [mem 0x000a0000-0x000bffff window]
[    0.410449] pci_bus 0000:00: root bus resource [mem 0x40000000-0xfdffffff window]
[    0.411757] pci_bus 0000:00: root bus resource [bus 00-ff]
[    0.413974] pci 0000:00:01.1: legacy IDE quirk: reg 0x10: [io  0x01f0-0x01f7]
[    0.415002] pci 0000:00:01.1: legacy IDE quirk: reg 0x14: [io  0x03f6]
[    0.415954] pci 0000:00:01.1: legacy IDE quirk: reg 0x18: [io  0x0170-0x0177]
[    0.416998] pci 0000:00:01.1: legacy IDE quirk: reg 0x1c: [io  0x0376]
[    0.427563] pci 0000:00:07.0: quirk: [io  0x4000-0x403f] claimed by PIIX4 ACPI
[    0.436623] pci 0000:00:07.0: quirk: [io  0x4100-0x410f] claimed by PIIX4 SMB
[    0.444147] ACPI: PCI Interrupt Link [LNKA] (IRQs 5 9 10 *11)
[    0.445537] ACPI: PCI Interrupt Link [LNKB] (IRQs 5 9 *10 11)
[    0.446770] ACPI: PCI Interrupt Link [LNKC] (IRQs 5 *9 10 11)
[    0.448016] ACPI: PCI Interrupt Link [LNKD] (IRQs 5 9 10 *11)
[    0.449485] ACPI: Enabled 2 GPEs in block 00 to 07
[    0.450582] vgaarb: setting as boot device: PCI:0000:00:02.0
[    0.451437] vgaarb: device added: PCI:0000:00:02.0,decodes=io+mem,owns=io+mem,locks=none
[    0.452753] vgaarb: loaded
[    0.453266] vgaarb: bridge control possible 0000:00:02.0
[    0.454251] SCSI subsystem initialized
[    0.455026] ACPI: bus type USB registered
[    0.455706] usbcore: registered new interface driver usbfs
[    0.456544] usbcore: registered new interface driver hub
[    0.457384] usbcore: registered new device driver usb
[    0.458357] PCI: Using ACPI for IRQ routing
[    0.459420] NetLabel: Initializing
[    0.460041] NetLabel:  domain hash size = 128
[    0.460737] NetLabel:  protocols = UNLABELED CIPSOv4
[    0.461526] NetLabel:  unlabeled traffic allowed by default
[    0.462602] amd_nb: Cannot enumerate AMD northbridges
[    0.463421] clocksource: Switched to clocksource kvm-clock
[    0.472271] AppArmor: AppArmor Filesystem Enabled
[    0.473156] pnp: PnP ACPI init
[    0.474308] pnp: PnP ACPI: found 3 devices
[    0.482743] clocksource: acpi_pm: mask: 0xffffff max_cycles: 0xffffff, max_idle_ns: 2085701024 ns
[    0.484188] NET: Registered protocol family 2
[    0.485039] TCP established hash table entries: 8192 (order: 4, 65536 bytes)
[    0.486096] TCP bind hash table entries: 8192 (order: 5, 131072 bytes)
[    0.487060] TCP: Hash tables configured (established 8192 bind 8192)
[    0.488027] UDP hash table entries: 512 (order: 2, 16384 bytes)
[    0.488950] UDP-Lite hash table entries: 512 (order: 2, 16384 bytes)
[    0.489911] NET: Registered protocol family 1
[    0.490627] pci 0000:00:00.0: Limiting direct PCI/PCI transfers
[    0.491539] pci 0000:00:01.0: Activating ISA DMA hang workarounds
[    0.495201] Unpacking initramfs...
[    0.698804] Freeing initrd memory: 14888K
[    0.699848] clocksource: tsc: mask: 0xffffffffffffffff max_cycles: 0x23fa772cf26, max_idle_ns: 440795269835 ns
[    0.701588] platform rtc_cmos: registered platform RTC device (no PNP device found)
[    0.702880] Scanning for low memory corruption every 60 seconds
[    0.704081] audit: initializing netlink subsys (disabled)
[    0.704933] audit: type=2000 audit(1639149704.515:1): initialized
[    0.706057] Initialise system trusted keyring
[    0.706959] HugeTLB registered 2 MB page size, pre-allocated 0 pages
[    0.709104] zbud: loaded
[    0.709919] VFS: Disk quotas dquot_6.6.0
[    0.710596] VFS: Dquot-cache hash table entries: 512 (order 0, 4096 bytes)
[    0.711791] squashfs: version 4.0 (2009/01/31) Phillip Lougher
[    0.712998] fuse init (API version 7.23)
[    0.713898] Key type big_key registered
[    0.714577] Allocating IMA MOK and blacklist keyrings.
[    0.718184] Key type asymmetric registered
[    0.719006] Asymmetric key parser 'x509' registered
[    0.720332] Block layer SCSI generic (bsg) driver version 0.4 loaded (major 249)
[    0.721606] io scheduler noop registered
[    0.722270] io scheduler deadline registered (default)
[    0.723113] io scheduler cfq registered
[    0.723860] pci_hotplug: PCI Hot Plug PCI Core version: 0.5
[    0.724719] pciehp: PCI Express Hot Plug Controller Driver version: 0.4
[    0.725859] ACPI: AC Adapter [AC] (on-line)
[    0.726598] input: Power Button as /devices/LNXSYSTM:00/LNXPWRBN:00/input/input0
[    0.727832] ACPI: Power Button [PWRF]
[    0.728568] input: Sleep Button as /devices/LNXSYSTM:00/LNXSLPBN:00/input/input1
[    0.729805] ACPI: Sleep Button [SLPF]
[    0.730583] GHES: HEST is not enabled!
[    0.731762] ACPI: Battery Slot [BAT0] (battery present)
[    0.732600] Serial: 8250/16550 driver, 32 ports, IRQ sharing enabled
[    0.753981] 00:02: ttyS0 at I/O 0x3f8 (irq = 4, base_baud = 115200) is a 16550A
[    0.756007] Linux agpgart interface v0.103
[    0.757647] loop: module loaded
[    0.758631] scsi host0: ata_piix
[    0.759332] scsi host1: ata_piix
[    0.760027] ata1: PATA max UDMA/33 cmd 0x1f0 ctl 0x3f6 bmdma 0xd000 irq 14
[    0.761084] ata2: PATA max UDMA/33 cmd 0x170 ctl 0x376 bmdma 0xd008 irq 15
[    0.762197] libphy: Fixed MDIO Bus: probed
[    0.762882] tun: Universal TUN/TAP device driver, 1.6
[    0.763726] tun: (C) 1999-2004 Max Krasnyansky <maxk@qualcomm.com>
[    0.764673] PPP generic driver version 2.4.2
[    0.765409] ehci_hcd: USB 2.0 'Enhanced' Host Controller (EHCI) Driver
[    0.766367] ehci-pci: EHCI PCI platform driver
[    0.767091] ehci-platform: EHCI generic platform driver
[    0.767920] ohci_hcd: USB 1.1 'Open' Host Controller (OHCI) Driver
[    0.768835] ohci-pci: OHCI PCI platform driver
[    0.769551] ohci-platform: OHCI generic platform driver
[    0.770355] uhci_hcd: USB Universal Host Controller Interface driver
[    0.771326] i8042: PNP: PS/2 Controller [PNP0303:PS2K,PNP0f03:PS2M] at 0x60,0x64 irq 1,12
[    0.773045] serio: i8042 KBD port at 0x60,0x64 irq 1
[    0.773813] serio: i8042 AUX port at 0x60,0x64 irq 12
[    0.774662] mousedev: PS/2 mouse device common for all mice
[    0.775990] input: AT Translated Set 2 keyboard as /devices/platform/i8042/serio0/input/input2
[    0.777892] rtc_cmos rtc_cmos: rtc core: registered rtc_cmos as rtc0
[    0.778886] rtc_cmos rtc_cmos: alarms up to one day, 114 bytes nvram
[    0.779854] i2c /dev entries driver
[    0.780497] device-mapper: uevent: version 1.0.3
[    0.781277] device-mapper: ioctl: 4.34.0-ioctl (2015-10-28) initialised: dm-devel@redhat.com
[    0.782624] ledtrig-cpu: registered to indicate activity on CPUs
[    0.783803] NET: Registered protocol family 10
[    0.784647] NET: Registered protocol family 17
[    0.785368] Key type dns_resolver registered
[    0.786209] registered taskstats version 1
[    0.786891] Loading compiled-in X.509 certificates
[    0.788090] Loaded X.509 cert 'Build time autogenerated kernel key: cf00e047681d67edb2720680708b7d9498083038'
[    0.789601] zswap: loaded using pool lzo/zbud
[    0.791350] Key type trusted registered
[    0.794451] Key type encrypted registered
[    0.795167] AppArmor: AppArmor sha1 policy hashing enabled
[    0.796031] ima: No TPM chip found, activating TPM-bypass!
[    0.796870] ima: Allocated hash algorithm: sha1
[    0.797606] evm: HMAC attrs: 0x1
[    0.798420]   Magic number: 1:203:386
[    0.799048] thermal cooling_device1: hash matches
[    0.799874] rtc_cmos rtc_cmos: setting system clock to 2021-12-10 15:21:39 UTC (1639149699)
[    0.801278] BIOS EDD facility v0.16 2004-Jun-25, 0 devices found
[    0.802171] EDD information not available.
[    0.939235] Freeing unused kernel memory: 1492K
[    0.940386] Write protecting the kernel read-only data: 14336k
[    0.941602] Freeing unused kernel memory: 1584K
[    0.942777] Freeing unused kernel memory: 52K
Loading, please wait...
starting version 229
[    0.951509] random: systemd-udevd: uninitialized urandom read (16 bytes read, 1 bits of entropy available)
[    0.951829] random: udevadm: uninitialized urandom read (16 bytes read, 1 bits of entropy available)
[    0.951841] random: udevadm: uninitialized urandom read (16 bytes read, 1 bits of entropy available)
[    0.955948] random: systemd-udevd: uninitialized urandom read (16 bytes read, 1 bits of entropy available)
[    0.956403] random: udevadm: uninitialized urandom read (16 bytes read, 1 bits of entropy available)
[    0.956429] random: udevadm: uninitialized urandom read (16 bytes read, 1 bits of entropy available)
[    0.956506] random: udevadm: uninitialized urandom read (16 bytes read, 1 bits of entropy available)
[    0.956534] random: udevadm: uninitialized urandom read (16 bytes read, 1 bits of entropy available)
[    0.956562] random: udevadm: uninitialized urandom read (16 bytes read, 1 bits of entropy available)
[    0.956588] random: udevadm: uninitialized urandom read (16 bytes read, 1 bits of entropy available)
[    0.985263] e1000: Intel(R) PRO/1000 Network Driver - version 7.3.21-k8-NAPI
[    0.986301] e1000: Copyright (c) 1999-2006 Intel Corporation.
[    0.990507] Fusion MPT base driver 3.04.20
[    0.991185] Copyright (c) 1999-2008 LSI Corporation
[    1.004398] Fusion MPT SPI Host driver 3.04.20
[    1.008076] AVX2 version of gcm_enc/dec engaged.
[    1.008847] AES CTR mode by8 optimization enabled
[    1.196557] input: ImExPS/2 Generic Explorer Mouse as /devices/platform/i8042/serio1/input/input4
[    1.341518] e1000 0000:00:03.0 eth0: (PCI:33MHz:32-bit) 02:be:82:6b:cc:1d
[    1.342599] e1000 0000:00:03.0 eth0: Intel(R) PRO/1000 Network Connection
[    1.686679] e1000 0000:00:08.0 eth1: (PCI:33MHz:32-bit) 08:00:27:28:59:b8
[    1.688295] e1000 0000:00:08.0 eth1: Intel(R) PRO/1000 Network Connection
[    1.689917] e1000 0000:00:03.0 enp0s3: renamed from eth0
[    1.692289] mptbase: ioc0: Initiating bringup
[    1.700024] e1000 0000:00:08.0 enp0s8: renamed from eth1
[    2.112588] ioc0: LSI53C1030 A0: Capabilities={Initiator}
[    4.017083] scsi host2: ioc0: LSI53C1030 A0, FwRev=00000000h, Ports=1, MaxQ=256, IRQ=20
[    5.019920] scsi 2:0:0:0: Direct-Access     VBOX     HARDDISK         1.0  PQ: 0 ANSI: 5
[    5.021454] scsi target2:0:0: Beginning Domain Validation
[    5.023920] scsi target2:0:0: Domain Validation skipping write tests
[    5.024863] scsi target2:0:0: Ending Domain Validation
[    5.025687] scsi target2:0:0: asynchronous
[    5.026657] scsi 2:0:1:0: Direct-Access     VBOX     HARDDISK         1.0  PQ: 0 ANSI: 5
[    5.027973] scsi target2:0:1: Beginning Domain Validation
[    5.037240] scsi target2:0:1: Domain Validation skipping write tests
[    5.038221] scsi target2:0:1: Ending Domain Validation
[    5.039260] scsi target2:0:1: asynchronous
[    5.043313] sd 2:0:0:0: Attached scsi generic sg0 type 0
[    5.044188] sd 2:0:0:0: [sda] 83886080 512-byte logical blocks: (42.9 GB/40.0 GiB)
[    5.045667] sd 2:0:1:0: [sdb] 20480 512-byte logical blocks: (10.5 MB/10.0 MiB)
[    5.045774] sd 2:0:1:0: Attached scsi generic sg1 type 0
[    5.045922] sd 2:0:0:0: [sda] Write Protect is off
[    5.045980] sd 2:0:0:0: [sda] Incomplete mode parameter data
[    5.045981] sd 2:0:0:0: [sda] Assuming drive cache: write through
[    5.046825]  sda: sda1
[    5.047219] sd 2:0:0:0: [sda] Attached SCSI disk
[    5.051812] sd 2:0:1:0: [sdb] Write Protect is off
[    5.052660] sd 2:0:1:0: [sdb] Incomplete mode parameter data
[    5.053518] sd 2:0:1:0: [sdb] Assuming drive cache: write through
[    5.056247] sd 2:0:1:0: [sdb] Attached SCSI disk
Begin: Loading essential drivers ... [    6.328036] md: linear personality registered for level -1
[    6.330465] md: multipath personality registered for level -4
[    6.333176] md: raid0 personality registered for level 0
[    6.336122] md: raid1 personality registered for level 1
[    6.403566] raid6: sse2x1   gen() 10667 MB/s
[    6.471586] raid6: sse2x1   xor()  7921 MB/s
[    6.539491] raid6: sse2x2   gen() 16851 MB/s
[    6.607481] raid6: sse2x2   xor() 11638 MB/s
[    6.675471] raid6: sse2x4   gen() 19135 MB/s
[    6.743483] raid6: sse2x4   xor() 12151 MB/s
[    6.811447] raid6: avx2x1   gen() 22980 MB/s
[    6.879456] raid6: avx2x2   gen() 29548 MB/s
[    6.947490] raid6: avx2x4   gen() 35603 MB/s
[    6.948568] raid6: using algorithm avx2x4 gen() 35603 MB/s
[    6.949465] raid6: using avx2x2 recovery algorithm
[    6.950965] xor: automatically using best checksumming function:
[    6.991484]    avx       : 27847.000 MB/sec
[    6.993405] async_tx: api initialized (async)
[    7.002027] md: raid6 personality registered for level 6
[    7.002941] md: raid5 personality registered for level 5
[    7.003959] md: raid4 personality registered for level 4
[    7.008917] md: raid10 personality registered for level 10
done.
Begin: Running /scripts/init-premount ... done.
Begin: Mounting root file system ... Begin: Running /scripts/local-top ... done.
Begin: Running /scripts/local-premount ... [    7.029953] Btrfs loaded
Scanning for Btrfs filesystems
done.
Warning: fsck not present, so skipping root file system
[    7.049434] EXT4-fs (sda1): mounted filesystem with ordered data mode. Opts: (null)
done.
Begin: Running /scripts/local-bottom ... done.
Begin: Running /scripts/init-bottom ... done.
[    7.107165] systemd[1]: systemd 229 running in system mode. (+PAM +AUDIT +SELINUX +IMA +APPARMOR +SMACK +SYSVINIT +UTMP +LIBCRYPTSETUP +GCRYPT +GNUTLS +ACL +XZ -LZ4 +SECCOMP +BLKID +ELFUTILS +KMOD -IDN)
[    7.109847] systemd[1]: Detected virtualization oracle.
[    7.110682] systemd[1]: Detected architecture x86-64.

Welcome to [1mUbuntu 16.04.7 LTS[0m!

[    7.113378] systemd[1]: Set hostname to <ubuntu>.
[    7.115498] systemd[1]: Initializing machine ID from random generator.
[    7.116470] systemd[1]: Installed transient /etc/machine-id file.
[    7.190941] systemd[1]: Listening on udev Control Socket.
[[0;32m  OK  [0m] Listening on udev Control Socket.
[    7.192666] systemd[1]: Started Trigger resolvconf update for networkd DNS.
[[0;32m  OK  [0m] Started Trigger resolvconf update for networkd DNS.
[    7.194678] systemd[1]: Set up automount Arbitrary Executable File Formats File System Automount Point.
[[0;32m  OK  [0m] Set up automount Arbitrary Executab...ats File System Automount Point.
[    7.197242] systemd[1]: Listening on Syslog Socket.
[[0;32m  OK  [0m] Listening on Syslog Socket.
[    7.198724] systemd[1]: Reached target User and Group Name Lookups.
[[0;32m  OK  [0m] Reached target User and Group Name Lookups.
[    7.200444] systemd[1]: Listening on Journal Socket.
[[0;32m  OK  [0m] Listening on Journal Socket.
[    7.201998] systemd[1]: Listening on LVM2 poll daemon socket.
[[0;32m  OK  [0m] Listening on LVM2 poll daemon socket.
[    7.203682] systemd[1]: Reached target System Time Synchronized.
[[0;32m  OK  [0m] Reached target System Time Synchronized.
[    7.205400] systemd[1]: Listening on fsck to fsckd communication Socket.
[[0;32m  OK  [0m] Listening on fsck to fsckd communication Socket.
[    7.207313] systemd[1]: Listening on /dev/initctl Compatibility Named Pipe.
[[0;32m  OK  [0m] Listening on /dev/initctl Compatibility Named Pipe.
[    7.209412] systemd[1]: Created slice User and Session Slice.
[[0;32m  OK  [0m] Created slice User and Session Slice.
[    7.211059] systemd[1]: Reached target Encrypted Volumes.
[[0;32m  OK  [0m] Reached target Encrypted Volumes.
[    7.212668] systemd[1]: Listening on Device-mapper event daemon FIFOs.
[[0;32m  OK  [0m] Listening on Device-mapper event daemon FIFOs.
[    7.214454] systemd[1]: Listening on udev Kernel Socket.
[[0;32m  OK  [0m] Listening on udev Kernel Socket.
[    7.216145] systemd[1]: Created slice System Slice.
[[0;32m  OK  [0m] Created slice System Slice.
[    7.228584] systemd[1]: Starting Load Kernel Modules...
         Starting Load Kernel Modules...
[    7.230846] systemd[1]: Created slice system-serial\x2dgetty.slice.
[[0;32m  OK  [0m] Created slice system-serial\x2dgetty.slice.
[    7.233566] systemd[1]: Mounting Huge Pages File System...
         Mounting Huge Pages File System...
[    7.235495] systemd[1]: Mounting Debug File System...
         Mounting Debug File System...
[    7.237212] Loading iSCSI transport class v2.0-870.
[    7.237647] systemd[1]: Starting Nameserver information manager...
         Starting Nameserver information manager...
[    7.242236] systemd[1]: Reached target Slices.
[[0;32m  OK  [0m] Reached target Slices.
[    7.244221] systemd[1]: Starting File System Check on Root Device...
         Starting File System Check on Root Device...
[    7.246799] systemd[1]: Starting Create list of required static device nodes for the current kernel...
         Starting Create list of required st... nodes for the current kernel...
[    7.250556] systemd[1]: Starting Set console keymap...
         Starting Set console keymap...
[    7.252054] systemd[1]: Reached target Swap.
[[0;32m  OK  [0m] Reached target Swap.
[    7.253561] systemd[1]: Listening on LVM2 metadata daemon socket.
[[0;32m  OK  [0m] Listening on LVM2 metadata daemon socket.
[    7.255755] systemd[1]: Starting Monitoring of LVM2 mirrors, snapshots etc. using dmeventd or progress polling...
         Starting Monitoring of LVM2 mirrors... dmeventd or progress polling...[    7.258477] iscsi: registered transport (tcp)

[    7.261621] systemd[1]: Listening on Journal Socket (/dev/log).
[[0;32m  OK  [0m] Listening on Journal Socket (/dev/log).
[    7.263966] systemd[1]: Starting Uncomplicated firewall...
         Starting Uncomplicated firewall...
[    7.266248] systemd[1]: Mounting POSIX Message Queue File System...
         Mounting POSIX Message Queue File System...
[    7.271475] systemd[1]: Listening on Journal Audit Socket.
[[0;32m  OK  [0m] Listening on Journal Audit Socket.
[    7.273668] systemd[1]: Starting Journal Service...
         Starting Journal Service...
[    7.275079] systemd[1]: Started Forward Password Requests to Wall Directory Watch.
[[0;32m  OK  [0m] Started Forward Password Requests to Wall Directory Watch.
[    7.279038] systemd[1]: Mounted Huge Pages File System.
[[0;32m  OK  [0m] Mounted Huge Pages File System.
[    7.280770] systemd[1]: Mounted POSIX Message Queue File System.
[[0;32m  OK  [0m] Mounted POSIX Message Queue File System.
[    7.282623] systemd[1]: Mounted Debug File System.
[[0;32m  OK  [0m] Mounted Debug File System.
[    7.285678] systemd[1]: Started Create list of required static device nodes for the current kernel.
[[0;32m  OK  [0m] Started Create list of required sta...ce nodes for the current kernel.
[    7.290918] systemd[1]: Started Uncomplicated firewall.
[[0;32m  OK  [0m] Started Uncomplicated firewall.
[    7.294009] systemd[1]: Started Nameserver information manager.
[[0;32m  OK  [0m] Started Nameserver information manager.
[    7.297396] systemd[1]: Started File System Check on Root Device.
[[0;32m  OK  [0m] Started File System Check on Root Device.
[    7.303248] systemd[1]: Started LVM2 metadata daemon.
[[0;32m  OK  [0m] Started LVM2 metadata daemon.
[    7.308596] systemd[1]: Started File System Check Daemon to report status.
[[0;32m  OK  [0m] Started File System Check Daemon to report status.
[    7.311601] systemd[1]: Starting Remount Root and Kernel File Systems...
         Starting Remount Root and Kernel File Systems...
[    7.313799] systemd[1]: Starting Create Static Device Nodes in /dev...
         Starting Create Static Device Nodes in /dev...
[    7.316837] EXT4-fs (sda1): re-mounted. Opts: (null)
[    7.317099] systemd[1]: Started Set console keymap.
[[0;32m  OK  [0m] Started Set console keymap.
[    7.319961] systemd[1]: Started Remount Root and Kernel File Systems.
[[0;32m  OK  [0m] Started Remount Root and Kernel File Systems.
[    7.322432] systemd[1]: Starting Load/Save Random Seed...
         Starting Load/Save Random Seed...
[    7.324961] systemd[1]: Starting udev Coldplug all Devices...
         Starting udev Coldplug all Devices...
[    7.327079] systemd[1]: Started Load/Save Random Seed.
[[0;32m  OK  [0m] Started Load/Save Random Seed.
[    7.329807] iscsi: registered transport (iser)
[    7.331052] systemd[1]: Started Load Kernel Modules.
[[0;32m  OK  [0m] Started Load Kernel Modules.
[    7.333536] systemd[1]: Starting Apply Kernel Variables...
         Starting Apply Kernel Variables...
[    7.337878] systemd[1]: Mounting FUSE Control File System...
         Mounting FUSE Control File System...
[[0;32m  OK  [0m] Mounted FUSE Control File System.
[[0;32m  OK  [0m] Started Apply Kernel Variables.
[[0;32m  OK  [0m] Started Create Static Device Nodes in /dev.
[[0;32m  OK  [0m] Started Journal Service.
         Starting Flush Journal to Persistent Storage...
         Starting udev Kernel Device Manager...
[[0;32m  OK  [0m] Started Flush Journal to Persistent Storage.
[[0;32m  OK  [0m] Started udev Coldplug all Devices.
[[0;32m  OK  [0m] Started udev Kernel Device Manager.
[[0;32m  OK  [0m] Started Dispatch Password Requests to Console Directory Watch.
[[0;32m  OK  [0m] Found device /dev/ttyS0.
[[0;32m  OK  [0m] Listening on Load/Save RF Kill Switch Status /dev/rfkill Watch.
[[0;32m  OK  [0m] Started Monitoring of LVM2 mirrors,...ng dmeventd or progress polling.
[[0;32m  OK  [0m] Reached target Local File Systems (Pre).
[[0;32m  OK  [0m] Reached target Local File Systems.
         Starting Set console font and keymap...
         Starting Tell Plymouth To Write Out Runtime Data...
         Starting Commit a transient machine-id on disk...
         Starting LSB: AppArmor initialization...
         Starting Create Volatile Files and Directories...
         Starting Initial cloud-init job (pre-networking)...
[[0;32m  OK  [0m] Started Tell Plymouth To Write Out Runtime Data.
[[0;32m  OK  [0m] Started Commit a transient machine-id on disk.
[[0;32m  OK  [0m] Started Create Volatile Files and Directories.
         Starting Update UTMP about System Boot/Shutdown...
[[0;32m  OK  [0m] Started Update UTMP about System Boot/Shutdown.
[[0;32m  OK  [0m] Started Set console font and keymap.
[[0;32m  OK  [0m] Created slice system-getty.slice.
[[0;32m  OK  [0m] Started LSB: AppArmor initialization.
         Starting Load AppArmor profiles managed internally by snapd...
[    8.505369] cloud-init[668]: Cloud-init v. 21.1-19-gbad84ad4-0ubuntu1~16.04.2 running 'init-local' at Fri, 10 Dec 2021 15:21:47 +0000. Up 8.28 seconds.
[[0;32m  OK  [0m] Started Load AppArmor profiles managed internally by snapd.
[[0;32m  OK  [0m] Started Initial cloud-init job (pre-networking).
[[0;32m  OK  [0m] Reached target Network (Pre).
         Starting Raise network interfaces...
[[0;32m  OK  [0m] Started Raise network interfaces.
[[0;32m  OK  [0m] Reached target Network.
         Starting Initial cloud-init job (metadata service crawler)...
[    9.120914] cloud-init[966]: Cloud-init v. 21.1-19-gbad84ad4-0ubuntu1~16.04.2 running 'init' at Fri, 10 Dec 2021 15:21:47 +0000. Up 8.84 seconds.
[    9.122372] cloud-init[966]: ci-info: ++++++++++++++++++++++++++++++++++++++Net device info+++++++++++++++++++++++++++++++++++++++
[    9.123859] cloud-init[966]: ci-info: +--------+-------+----------------------------+---------------+--------+-------------------+
[    9.125549] cloud-init[966]: ci-info: | Device |   Up  |          Address           |      Mask     | Scope  |     Hw-Address    |
[    9.126696] cloud-init[966]: ci-info: +--------+-------+----------------------------+---------------+--------+-------------------+
[    9.128315] cloud-init[966]: ci-info: | enp0s3 |  True |         10.0.2.15          | 255.255.255.0 | global | 02:be:82:6b:cc:1d |
[    9.129674] cloud-init[966]: ci-info: | enp0s3 |  True | fe80::be:82ff:fe6b:cc1d/64 |       .       |  link  | 02:be:82:6b:cc:1d |
[    9.131043] cloud-init[966]: ci-info: | enp0s8 | False |             .              |       .       |   .    | 08:00:27:28:59:b8 |
[    9.132421] cloud-init[966]: ci-info: |   lo   |  True |         127.0.0.1          |   255.0.0.0   |  host  |         .         |
[    9.133786] cloud-init[966]: ci-info: |   lo   |  True |          ::1/128           |       .       |  host  |         .         |
[    9.135148] cloud-init[966]: ci-info: +--------+-------+----------------------------+---------------+--------+-------------------+
[    9.136529] cloud-init[966]: ci-info: +++++++++++++++++++++++++++Route IPv4 info++++++++++++++++++++++++++++
[    9.137746] cloud-init[966]: ci-info: +-------+-------------+----------+---------------+-----------+-------+
[    9.138963] cloud-init[966]: ci-info: | Route | Destination | Gateway  |    Genmask    | Interface | Flags |
[    9.140198] cloud-init[966]: ci-info: +-------+-------------+----------+---------------+-----------+-------+
[    9.141401] cloud-init[966]: ci-info: |   0   |   0.0.0.0   | 10.0.2.2 |    0.0.0.0    |   enp0s3  |   UG  |
[    9.142607] cloud-init[966]: ci-info: |   1   |   10.0.2.0  | 0.0.0.0  | 255.255.255.0 |   enp0s3  |   U   |
[    9.143677] cloud-init[966]: ci-info: +-------+-------------+----------+---------------+-----------+-------+
[    9.144911] cloud-init[966]: ci-info: +++++++++++++++++++Route IPv6 info+++++++++++++++++++
[    9.145996] cloud-init[966]: ci-info: +-------+-------------+---------+-----------+-------+[[0;32m  OK  [0m] Started Initial cloud-init job (metadata service crawler).
[[0;32m  OK  [0m] Reached target System Initialization.
[[0;32m  OK  [0m] Listening on D-Bus System Message Bus Socket.
[[0;32m  OK  [0m] Started Ubuntu Advantage update messaging.
[[0;32m  OK  [0m] Started Daily apt download activities.
[[0;32m  OK  [0m] Listening on ACPID Listen Socket.
[[0;32m  OK  [0m] Started Daily apt upgrade and clean activities.

[    9.156437] cloud-init[966]: ci-info: | Route | Destination | Gateway | Interface | Flags |
[[0;32m  OK  [0m] Started ACPI Events Check.
[[0;32m  OK  [0m] Reached target Paths.
[[0;32m  OK  [0m] Started Message of the Day.
[[0;32m  OK  [0m] Listening on UUID daemon activation socket.
[[0;32m  OK  [0m] Started Daily Cleanup of Temporary Directories.
[    9.161250] cloud-init[966]: ci-info: +-------+-------------+---------+-----------+-------+
[[0;32m  OK  [0m] Reached target Timers.
[    9.163149] cloud-init[966]: ci-info: |   0   |  fe80::/64  |    ::   |   enp0s3  |   U   |
[    9.163204] cloud-init         [966]: Starting Socket activation for snappy daemon.ci-info: |   3   |   ff00::/8  |    ::   |   enp0s3  |   U   |

[    9.163232] cloud-init[966]: ci-info: +-------+-------------+---------+-----------+-------+
[    9.172971] cloud-init[966]: Generating public/private rsa key pair.
[    9.173123] cloud-init[966]: Your identification has been saved in /etc/ssh/ssh_host_rsa_key.
         Starting LXD - unix socket.
[    9.173159] cloud-init[966]: Your public key has been saved in /etc/ssh/ssh_host_rsa_key.pub.
[    9.174744] cloud-init[[966]: [0;32m  OK  [0mThe key fingerprint is:] 
Reached target Network is Online.
[    9.174779] cloud-init[966]: SHA256:b9qqftANA6Z4XvTB28KS8WzKVLW97CLeJI1TrD53SVo root@ubuntu-xenial
[    9.177014] cloud-init[966]: The key's randomart image is:
[    9.177676] cloud-init[966]: +---[RSA 2048]----+
[    9.184672] cloud-init[966]: |       . ..      |
[    9.185231] cloud-init[966]: |      = +  o     |
[    9.185960] cloud-init[966]: |   . + X +. .    |
[    9.186763] cloud-init[966]: |  . o = @... .   |
[    9.187538] cloud-init[966]: |   o + =S=o o    |
[    9.188294] cloud-init[966]: |    . + .*..E    |
         Starting iSCSI initiator daemon (iscsid)...
[    9.189816] cloud-init[966]: |       .* *+..   |
[[0;32m  OK  [0m] Reached target Cloud-config availability.
[    9.192172] cloud-init[966]: |       ooXo.o    |
[    9.192499] cloud-init[966]: |     .oo=+o.     |
[    9.193015] [[0;32m  OK  [0m] Listening on Socket activation for snappy daemon.
[[0;32m  OK  [0m] Listening on LXD - unix socket.
[[0;32m  OK  [0m] Reached target Sockets.
[[0;32m  OK  [0m] Reached target Basic System.
         Starting Accounts Service...cloud-init[966]: +----[SHA256]-----+

[    9.197031] [[0;32m  OK  [0m] Started D-Bus System Message Bus.
cloud-init[966]: Generating public/private dsa key pair.
[    9.198737] cloud-init[966]: Your identification has been saved in /etc/ssh/ssh_host_dsa_key.
[    9.199905] cloud-init[966]: Your public key has been saved in /etc/ssh/ssh_host_dsa_key.pub.
[    9.201046] cloud-init[966]: The key fingerprint is:
[    9.201879] cloud-init[966]: SHA256:wrOMwHael/fiOiEkR44UI9m4qOORj3RydxFqFv5+9CY root@ubuntu-xenial
[    9.203027] cloud-init[966]: The key's randomart image is:
[    9.203926] cloud-init[966]: +---[DSA 1024]----+
[    9.204761] cloud-init[966]: |.+o.             |
[    9.205542] cloud-init[966]: |o.o... .         |
[    9.206352] cloud-init[966]: |.o +. o .        |
[    9.207156] cloud-init[966]: |o.o +* .         |
[    9.207953] cloud-init[966]: |. =++ = S        |
[    9.208843] cloud-init[966]: |o* *.=.B .       |
[    9.209753] cloud-init[966]: |o.B =.B.o .      |
[    9.210566] cloud-init[966]: | o . ..o.E o     |
[    9.211426] cloud-init[966]: |      .+o.+      |
[    9.212320] cloud-init[966]: +----[SHA256]-----+
[    9.213129] cloud-init[966]: Generating public/private ecdsa key pair.
[    9.214107] cloud-init[966]: Your identification has been saved in /etc/ssh/ssh_host_ecdsa_key.
[    9.215267] cloud-init[966]: Your public key has been saved in /etc/ssh/ssh_host_ecdsa_key.pub.
[    9.216339]          Starting LXD - container startup/shutdown...
cloud-init         Starting LSB: Record successful boot for GRUB...
[966]: The key fingerprint is:[[0;32m  OK  [0m] Started ACPI event daemon.

[    9.218274] cloud-init[966]: SHA256:YcU0pw+3YjR/upOdXraaMoyTFAzacJKDsmqKQm4zJS8 root@ubuntu-xenial[[0;32m  OK  [0m] Started Regular background program processing daemon.
[[0;32m  OK  [0m] Started FUSE filesystem for LXC.

         Starting Pollinate to seed the pseudo random number generator...
         Starting LSB: MD monitoring daemon...
         Starting /etc/rc.local Compatibility...
[[0;32m  OK  [0m] Started Deferred execution scheduler.
         Starting System Logging Service...
         Starting Virtualbox guest utils...
         Starting Login Service...
         Starting Snap Daemon...
[[0;32m  OK  [0m] Started /etc/rc.local Compatibility.
[[0;32m  OK  [0m] Started iSCSI initiator daemon (iscsid).
         Starting Login to default iSCSI targets...
         Starting Authenticate and Authorize Users to Run Privileged Tasks...
[[0;32m  OK  [0m] Started System Logging Service.
[    9.252077] cloud-init[966]: The key's randomart image is:
[    9.259663] cloud-init[966]: +---[ECDSA 256]---+
[    9.260312] cloud-init[966]: |    . .  o+ .    |
[    9.261240] cloud-init[966]: | . . = o ..+     |
[    9.262236] cloud-init[966]: |  o   B = = .    |
[    9.263775] cloud-init[966]: | .   . o = * .   |
[    9.266727] [[0;32m  OK  [0m] Started Login to default iSCSI targets.
[[0;32m  OK  [0m] Reached target Remote File Systems (Pre).
[[0;32m  OK  [0m] Reached target Remote File Systems.
         Starting LSB: Set the CPU Frequency Scaling governor to "ondemand"...
         Starting Permit User Sessions...
         Starting LSB: automatic crash report generation...
cloud-init[966]: |.       S + + .  |         Starting LSB: daemon to balance interrupts for SMP systems...
[[0;32m  OK  [0m] Started LSB: Record successful boot for GRUB.
[[0;32m  OK  [0m] Started Permit User Sessions.
[[0;32m  OK  [0m] Started Login Service.

[    9.289227] [[0;32m  OK  [0m] Started Authenticate and Authorize Users to Run Privileged Tasks.
cloud-init[966]: |.+ .     o . o   |
[    9.290652] cloud-init[966]: |* +     . + .o .o|[[0;32m  OK  [0m] Started Unattended Upgrades Shutdown.

[    9.309282]          Starting Terminate Plymouth Boot Screen...
cloud-init[966]: |+E .     + +o.+o.|
         Starting Hold until boot process finishes up...
[    9.315257] cloud-init[[0;32m  OK  [0m] Started LSB: MD monitoring daemon.
[[0;32m  OK  [0m] Started Hold until boot process finishes up.
[[0;32m  OK  [0m] Started Accounts Service.
[966]: |o +       . +=o. |
[[0;32m  OK  [0m] Started Serial Getty on ttyS0.
[[0;32m  OK  [0m] Started Getty on tty1.
[[0;32m  OK  [0m] Reached target Login Prompts.
         Starting Set console scheme...
[[0;32m  OK  [0m] Started LSB: Set the CPU Frequency Scaling governor to "ondemand".
[[0;32m  OK  [0m] Started Terminate Plymouth Boot Screen.
[[0;32m  OK  [0m] Started Set console scheme.
[    9.322407] cloud-init[966]: +----[SHA256]-----+
[    9.339700] [[0;32m  OK  [0m] Started LSB: automatic crash report generation.
cloud-init[966]: Generating public/private ed25519 key pair.
[    9.341222] cloud-init[966]: Your identification has been saved in /etc/ssh/ssh_host_ed25519_key.
[    9.350800] cloud-init[966]: Your public key has been saved in /etc/ssh/ssh_host_ed25519_key.pub.
[    9.352249] cloud-init[966]: The key fingerprint is:
[    9.353389] cloud-init[966]: SHA256:P+So88qArdVigVOqEd2lJxgxwvTtEDB4TwZyZNTJqN0 root@ubuntu-xenial
[    9.356633] cloud-init[966]: The key's randomart image is:
[    9.362469] cloud-init[966]: +--[ED25519 256]--+
[    9.366143] cloud-init[966]: |**@B ..          |
[    9.371299] cloud-init[966]: |.B==Oo           |
[[0;32m  OK  [0m] Started Virtualbox guest utils.
[    9.377090] cloud-init[966]: |.+oB=..          |
[    9.378448] cloud-init[966]: |...+Eo           |
[    9.380088] cloud-init[966]: |. + ..  S .      |[[0;32m  OK  [0m] Started LSB: daemon to balance interrupts for SMP systems.

[    9.381898] cloud-init[966]: | o + o   =       |
[    9.385167] cloud-init[966]: |. . * . . +      |
[    9.386200] cloud-init[966]: |   + +..   .     |
[    9.387798] cloud-init[966]: |  .   ++.        |
[    9.391177] cloud-init[966]: +----[SHA256]-----+
[[0;32m  OK  [0m] Started LXD - container startup/shutdown.
[[0;32m  OK  [0m] Started Snap Daemon.
         Starting Wait until snapd is fully seeded...
[[0;32m  OK  [0m] Started Pollinate to seed the pseudo random number generator.
         Starting OpenBSD Secure Shell server...
[[0;32m  OK  [0m] Started OpenBSD Secure Shell server.
[[0;32m  OK  [0m] Created slice User Slice of vagrant.
         Starting User Manager for UID 1000...
[[0;32m  OK  [0m] Started Session 1 of user vagrant.
[[0;32m  OK  [0m] Started User Manager for UID 1000.
[[0;32m  OK  [0m] Started Wait until snapd is fully seeded.
[[0;32m  OK  [0m] Reached target Multi-User System.
[[0;32m  OK  [0m] Reached target Graphical Interface.
         Starting Update UTMP about System Runlevel Changes...
         Starting Apply the settings specified in cloud-config...
[[0;32m  OK  [0m] Started Update UTMP about System Runlevel Changes.
[   12.915092] cloud-init[1397]: Generating locales (this might take a while)...
[   13.506350] cloud-init[1397]:   en_US.UTF-8... done
[   13.507390] cloud-init[1397]: Generation complete.
[   13.687342] cloud-init[1397]: Cloud-init v. 21.1-19-gbad84ad4-0ubuntu1~16.04.2 running 'modules:config' at Fri, 10 Dec 2021 15:21:51 +0000. Up 12.82 seconds.
[[0;32m  OK  [0m] Started Apply the settings specified in cloud-config.
         Starting Execute cloud user/final scripts...
ci-info: no authorized SSH keys fingerprints found for user ubuntu.
<14>Dec 10 15:21:52 ec2: 
<14>Dec 10 15:21:52 ec2: #############################################################
<14>Dec 10 15:21:52 ec2: -----BEGIN SSH HOST KEY FINGERPRINTS-----
<14>Dec 10 15:21:52 ec2: 1024 SHA256:wrOMwHael/fiOiEkR44UI9m4qOORj3RydxFqFv5+9CY root@ubuntu-xenial (DSA)
<14>Dec 10 15:21:52 ec2: 256 SHA256:YcU0pw+3YjR/upOdXraaMoyTFAzacJKDsmqKQm4zJS8 root@ubuntu-xenial (ECDSA)
<14>Dec 10 15:21:52 ec2: 256 SHA256:P+So88qArdVigVOqEd2lJxgxwvTtEDB4TwZyZNTJqN0 root@ubuntu-xenial (ED25519)
<14>Dec 10 15:21:52 ec2: 2048 SHA256:b9qqftANA6Z4XvTB28KS8WzKVLW97CLeJI1TrD53SVo root@ubuntu-xenial (RSA)
<14>Dec 10 15:21:52 ec2: -----END SSH HOST KEY FINGERPRINTS-----
<14>Dec 10 15:21:52 ec2: #############################################################
-----BEGIN SSH HOST KEY KEYS-----
ecdsa-sha2-nistp256 AAAAE2VjZHNhLXNoYTItbmlzdHAyNTYAAAAIbmlzdHAyNTYAAABBBDmeZNZNOqoXsnGQZZX7rtsgS/rk5nZhFmFiX381Foy1/cVauKvP0xCN/bxUsZL/Tx5GllhVo038bYiaHdThEtM= root@ubuntu-xenial
ssh-ed25519 AAAAC3NzaC1lZDI1NTE5AAAAIKT+ykDAhk7E96FvZSgfnOmk+/C6twyaneoUqLOujpsx root@ubuntu-xenial
ssh-rsa AAAAB3NzaC1yc2EAAAADAQABAAABAQCercngS/VojV8UVyDqlu+3WrtCxA++922Vq2DB5rxUJubIFvNxFsPLQcPmDocz5bxPPCwa8O7djFdcr6+bFm00WqGn5iYgNjSwAd4LKD9S640TYmR2N/dHTfQTasslEQeG9wIMQgdxovLj38PFIDMnPUiEhvF7SeIwZgTTYV5mpeFWsfkroI23NOFU20oFVbeWmFltqk+Qwz6cbvrflJb2yUm2ICoxfYO81wvV2wipzPcosyR3X9i2el9yQFI/c/op71KuU2Hsku+YVKCI8OMPqlv6eJ4NPUjw+6FRmhZmo1wNpJYwquhdGOMiPg4BxFcJaS5W6uuuY9KpXYTeQhWL root@ubuntu-xenial
-----END SSH HOST KEY KEYS-----
[   14.018662] cloud-init[1543]: Cloud-init v. 21.1-19-gbad84ad4-0ubuntu1~16.04.2 running 'modules:final' at Fri, 10 Dec 2021 15:21:52 +0000. Up 13.91 seconds.
[   14.020092] cloud-init[1543]: ci-info: no authorized SSH keys fingerprints found for user ubuntu.
[   14.024690] cloud-init[1543]: Cloud-init v. 21.1-19-gbad84ad4-0ubuntu1~16.04.2 finished at Fri, 10 Dec 2021 15:21:52 +0000. Datasource DataSourceNoCloud [seed=/dev/sdb][dsmode=net].  Up 14.01 seconds
[[0;32m  OK  [0m] Started Execute cloud user/final scripts.
[[0;32m  OK  [0m] Reached target Cloud-init target.

Ubuntu 16.04.7 LTS ubuntu-xenial ttyS0

ubuntu-xenial login: 